%!Adobe-FontList 1.18
%Locale:0x409

%BeginFont
Handler:DirectoryHandler
FontType:TrueType
FontName:Aller-Bold
FamilyName:Aller
StyleName:Bold
MenuName:Aller
StyleBits:2
WeightClass:700
WidthClass:5
AngleClass:0
FullName:Aller Bold
WritingScript:Roman
OutlineFileName:\Aller_Bd.ttf
DataFormat:sfntData
hasSVG:no
FileLength:128368
FileModTime:1508676986
NameArray:0,Mac,18,Aller Bold
NameArray:0,Mac,4,Aller Bold
NameArray:0,Win,1,Aller
%EndFont

%BeginFont
Handler:DirectoryHandler
FontType:TrueType
FontName:Aller
FamilyName:Aller
StyleName:Regular
MenuName:Aller
StyleBits:0
WeightClass:400
WidthClass:5
AngleClass:0
FullName:Aller
WritingScript:Roman
OutlineFileName:\Aller_Rg.ttf
DataFormat:sfntData
hasSVG:no
FileLength:134436
FileModTime:1508676986
NameArray:0,Mac,18,Aller
NameArray:0,Mac,4,Aller
NameArray:0,Win,1,Aller
%EndFont

